*''W'': [[File:Liceul Piaristilor Timisoara.jpg]] conține un cod LMI cu spații
*''W'': [[File:Anton Pann.JPG]] conține un cod LMI cu spații
*''W'': [[File:BarbuStirbeiRV.JPG]] conține un cod LMI cu spații
*''E'': [[File:PiataSfatuluiBrasov.JPG]] Problemă (3) cu legătura Geohack: nu pot identifica nicio coordonată: 45.6423642_N_25.5889231_E_type:camera_{{{3}}}
*''W'': [[File:Fountain-and-cathedral-at-night-in-timisoara.jpg]] conține un cod LMI cu spații
*''W'': [[File:Turnul Sfatului din Sibiu.jpg]] conține un cod LMI cu spații
*''W'': [[File:Catedrala Evanghelica din Sibiu.jpg]] conține un cod LMI cu spații
*''W'': [[File:Centrul istoric Sibiu.jpg]] conține un cod LMI cu spații
*''W'': [[File:Centrul istoric Sibiu - Piata mica.jpg]] conține un cod LMI cu spații
*''W'': [[File:Centrul istoric Sibiu .jpg]] conține un cod LMI cu spații
*''W'': [[File:Centrul Istoric Sibiu .jpg]] conține un cod LMI cu spații
*''W'': [[File:Centrul Istoric Sibiu - Piata Mare.jpg]] conține un cod LMI cu spații
*''W'': [[File:Centrul istoric Sibiu - Sibiul si muntii Cindrel vazute din turnul Sfatului2.jpg]] conține un cod LMI cu spații
*''W'': [[File:Centrul istoric Sibiu - Piata mica din Sibiu si podul minciunilor 2011.jpg]] conține un cod LMI cu spații
*''W'': [[File:Centrul istoric Sibiu - Turnul catedralei evanghelice si Piata Mica din Sibiu 2011.jpg]] conține un cod LMI cu spații
*''W'': [[File:The Statuie of Zur Spinnerin and the Sun.jpg]] conține un cod LMI cu spații
*''W'': [[File:20.Hosman.jpg]] conține un cod LMI cu spații
*''W'': [[File:Interior .jpg]] conține un cod LMI cu spații
*''W'': [[File:Usa sacristie.jpg]] conține un cod LMI cu spații
*''W'': [[File:Tavan biserica cetate din Biertan.jpg]] conține un cod LMI cu spații
*''W'': [[File:Altar al bisericii cetate din Biertan.jpg]] conține un cod LMI cu spații
*''W'': [[File:RO SB - Turnul Sfatului.jpg]] conține un cod LMI cu spații
*''W'': [[File:RO SB - Casa cu Cariatide.jpg]] conține un cod LMI cu spații
*''W'': [[File:RO SB - Panorama Piata Mare, Sibiu.jpg]] conține un cod LMI cu spații
*''W'': [[File:Palatul Postei.jpg]] conține un cod LMI cu spații
*''W'': [[File:Parcul municipal "Mihai Eminescu".jpg]] conține un cod LMI cu spații
*''W'': [[File:Muzeul de Istorie Galati.jpg]] conține un cod LMI cu spații
*''W'': [[File:Grand Hotel, azi Primaria Municipiului Galati.jpg]] conține un cod LMI cu spații
*''W'': [[File:Palatul de Justiție, azi rectoratul Universității "Dunărea de Jos".jpg]] conține un cod LMI cu spații
*''W'': [[File:Casa Lambrinidi.jpg]] conține un cod LMI cu spații
*''W'': [[File:Ansamblul urban "Str. Eroilor".jpg]] conține un cod LMI cu spații
*''W'': [[File:Palatul Administrativ, azi Prefectura Județului Galați.jpg]] conține un cod LMI cu spații
*''W'': [[File:Casa, Domneasca 58..jpg]] conține un cod LMI cu spații
*''W'': [[File:Palatul Comisiei Europene a Dunării, azi Biblioteca "V.A.Urechia".jpg]] conține un cod LMI cu spații
*''W'': [[File:Casa Robescu, azi Palatul Copiilor.jpg]] conține un cod LMI cu spații
*''W'': [[File:Casa, Mihai Bravu nr. 42.jpg]] conține un cod LMI cu spații
*''W'': [[File:Gradina Publica.jpg]] conține un cod LMI cu spații
*''W'': [[File:Palatul Episcopal, azi Muzeul de Artă.jpg]] conține un cod LMI cu spații
*''W'': [[File:Palatul Simion Gheorghiu.jpg]] conține un cod LMI cu spații
*''W'': [[File:Casa albastra.jpg]] conține un cod LMI cu spații
*''W'': [[File:RO SB - Casa Artelor (Fosta Hală a Măcelarilor).jpg]] conține un cod LMI cu spații
*''W'': [[File:RO SB - Podul Minciunilor.jpg]] conține un cod LMI cu spații
*''W'': [[File:RO SB - Ansamblul urban "Centrul istoric" Cisnadie.jpg]] conține un cod LMI cu spații
*''W'': [[File:Turnul Sfatului și Piata Mica.jpg]] conține un cod LMI cu spații
*''W'': [[File:Podul Minciunilor dinspre Piața Mică.jpg]] conține un cod LMI cu spații
*''W'': [[File:Piata Mica vazuta din turn.jpg]] conține un cod LMI cu spații
*''W'': [[File:Piata Mica vazuta din Turnul Sfatului.jpg]] conține un cod LMI cu spații
*''W'': [[File:Sibiul vazut din turn.jpg]] conține un cod LMI cu spații
*''W'': [[File:Sibiul vazut din Turnul Sfatului.jpg]] conține un cod LMI cu spații
*''W'': [[File:Biserica catolica din Sibiu.jpg]] conține un cod LMI cu spații
*''W'': [[File:Fecioara Maria la biserica catolica.jpg]] conține un cod LMI cu spații
*''E'': [[File:Sucevița Monastery.jpg]] nu conține niciun cod LMI valid
*''W'': [[File:Casa, Str. 9 Mai 43.jpg]] conține un cod LMI cu spații
*''W'': [[File:Casa, Str. 9 Mai 36.jpg]] conține un cod LMI cu spații
*''W'': [[File:Casa, Str. 9 Mai 36, vedere diagonala.jpg]] conține un cod LMI cu spații
*''W'': [[File:Casa, Str. 9 Mai 36, felinar aprins.jpg]] conține un cod LMI cu spații
*''W'': [[File:Casa, Str. 9 Mai 30.jpg]] conține un cod LMI cu spații
*''W'': [[File:Casa, Str. 9 Mai 30, felinar aprins.jpg]] conține un cod LMI cu spații
*''W'': [[File:Casa, Str. 9 Mai 22.jpg]] conține un cod LMI cu spații
*''W'': [[File:Casa, Str. 9 Mai 22, colt cu Str. Argintarilor.jpg]] conține un cod LMI cu spații
*''W'': [[File:Cavoul Medicului Aristides Serphiotis .jpg]] conține un cod LMI cu spații
*''W'': [[File:CATEDRALA EVANGHELICA SIBIU.jpg]] conține un cod LMI cu spații
*''W'': [[File:Iglesia Romano Catolica de St Treime Sibiu.jpg]] conține un cod LMI cu spații
*''E'': [[File:CHILIA SFANTA.jpg]] nu conține niciun cod LMI valid
*''W'': [[File:Sat Mălâncrav(Malmkrog), Sibiu, ansamblu rural "Centrul Istoric" vedere dinspre NV.jpg]] conține un cod LMI cu spații
*''W'': [[File:Catedrala Evanghelica Sibiu.jpg]] conține un cod LMI cu spații
*''W'': [[File:Bolniţa Coziei.jpg]] conține un cod LMI cu spații
*''W'': [[File:Casa Str. 9 Mai 14 - vedere laterala.jpg]] conține un cod LMI cu spații
*''W'': [[File:Casa, Str. Argintarilor 9.jpg]] conține un cod LMI cu spații
*''W'': [[File:Casa Str. 9 Mai 14 - vedere frontala.jpg]] conține un cod LMI cu spații
*''W'': [[File:Casa, Piața Aurarilor 9.jpg]] conține un cod LMI cu spații
*''W'': [[File:Casa, Piața Aurarilor 8.jpg]] conține un cod LMI cu spații
*''W'': [[File:Casa, Str. Argintarilor 1.jpg]] conține un cod LMI cu spații
*''W'': [[File:Casă, Piața Aurarilor 10.jpg]] conține un cod LMI cu spații
*''W'': [[File:RO SB - Casa cu Cariatide, poarta acces.jpg]] conține un cod LMI cu spații
*''W'': [[File:Bastionul Măcelarilor.jpg]] conține un cod LMI cu spații
*''W'': [[File:RO SB - Incinta II, zona Turnul scarii aurarilor.jpg]] conține un cod LMI cu spații
*''W'': [[File:RO S - Strada Cetatii, vedere spre Turnul Dulgherilor.jpg]] conține un cod LMI cu spații
*''W'': [[File:Biserica de lemn "Sf. Arhangheli" - Timisoara (Muzeul Satului Banatean).jpg]] conține un cod LMI cu spații
*''W'': [[File:Biserica de lemn "Sf. Arhangheli" - Timisoara (judetul Timis).jpg]] conține un cod LMI cu spații
*''E'': [[File:Sulina - Farul Comisiei Europene a Dunarii.jpg]] Coordonate invalide pentru România: 45.155088,29.662504 (extrase din 45.155088_N_29.662504_E_type:camera_region:RO_heading:ENE)
*''E'': [[File:Sulina - Farul Comisiei Europene a Dunarii - Curtea interioara.jpg]] Coordonate invalide pentru România: 45.155326,29.663014 (extrase din 45.155326_N_29.663014_E_type:camera_region:RO_heading:WNW)
*''W'': [[File:Biserica de lemn din Falticeni10.jpg]] conține un cod LMI cu spații
*''W'': [[File:Biserica de lemn din Falticeni12.jpg]] conține un cod LMI cu spații
*''W'': [[File:Biserica de lemn din Falticeni11.jpg]] conține un cod LMI cu spații
*''W'': [[File:Biserica de lemn din Falticeni13.jpg]] conține un cod LMI cu spații
*''W'': [[File:Biserica de lemn din Falticeni14.jpg]] conține un cod LMI cu spații
*''W'': [[File:Biserica de lemn din Falticeni1.jpg]] conține un cod LMI cu spații
*''W'': [[File:Biserica de lemn din Falticeni2.jpg]] conține un cod LMI cu spații
*''W'': [[File:Biserica de lemn din Falticeni.jpg]] conține un cod LMI cu spații
*''W'': [[File:Biserica de lemn din Falticeni3.jpg]] conține un cod LMI cu spații
*''W'': [[File:Biserica de lemn din Falticeni5.jpg]] conține un cod LMI cu spații
*''W'': [[File:Biserica de lemn din Falticeni4.jpg]] conține un cod LMI cu spații
*''W'': [[File:Biserica de lemn din Falticeni6.jpg]] conține un cod LMI cu spații
*''W'': [[File:Biserica de lemn din Falticeni7.jpg]] conține un cod LMI cu spații
*''E'': [[File:Biserica de lemn Adormirea Maicii Domnului,Decindea,lateral.jpg]] nu conține niciun cod LMI valid
*''E'': [[File:Biserica de lemn Adormirea Maicii Domnului,Decindea, frontal.jpg]] nu conține niciun cod LMI valid
*''E'': [[File:Biserica de lemn Adormirea Maicii Domnului,Decindea, detalii lateral.jpg]] nu conține niciun cod LMI valid
*''E'': [[File:Biserica de lemn Adormirea Maicii Domnului,Decindea.jpg]] nu conține niciun cod LMI valid
*''W'': [[File:Biserica Evanghelica noaptea.jpg]] conține un cod LMI cu spații
*''W'': [[File:Stabilimentul băilor Ocnele Mari Ramnicu Valcea.jpg]] conține un cod LMI cu spații
*''E'': [[File:Simeria pivnita.jpg]] nu conține niciun cod LMI valid
*''E'': [[File:Comuna Mintia.jpg]] nu conține niciun cod LMI valid
*''E'': [[File:Leszay Pui.jpg]] nu conține niciun cod LMI valid
*''E'': [[File:Conacul Leszay Zoltan.jpg]] nu conține niciun cod LMI valid
*''W'': [[File:Catedrala Evanghelică din Sibiu.jpg]] conține un cod LMI cu spații
*''W'': [[File:Bastionul Măcelarilor (Turnul de muniţii) - Baia Mare.jpg]] conține un cod LMI cu spații
*''E'': [[File:2006 0602Palatul voievodalTurdaCJ-II-m-A-07794.jpg]] nu conține niciun cod LMI valid
*''E'': [[File:Cinema Doina (Terra).jpg]] nu conține niciun cod LMI valid
*''W'': [[File:2007 05230024 Castrul roman Arutela VL-I- s-A-09562.jpg]] conține un cod LMI cu spații
*''E'': [[File:Alba Carolina Fortress 2011 - Francisc De Paola Ravelin Sign-1.jpg]] Coordonate invalide pentru România: 22.283167,114.128500 (extrase din 22.283166666667_N_114.1285_E_type:camera_alt:285.027344_source:exif_heading:356.281481)
*''E'': [[File:Niţchidorf- Laleaua Pestriţă.jpg]] nu conține niciun cod LMI valid
*''E'': [[File:Nițchiforf-Herta Müller..jpg]] nu conține niciun cod LMI valid
*''E'': [[File:Nițchidorf-Biserica catolică.jpg]] nu conține niciun cod LMI valid
*''E'': [[File:Nițchidorf-Satul Nițchidorf.jpg]] nu conține niciun cod LMI valid
*''E'': [[File:Nițchidorf-L'ombelico del mondo-Master of puppets.jpg]] nu conține niciun cod LMI valid
*''E'': [[File:Nițchidorf-Biserica ortodoxă.jpg]] nu conține niciun cod LMI valid
*''W'': [[File:Biserica fortificata Biertan.jpg]] conține un cod LMI cu spații
*''W'': [[File:Biserica veche Maldaresti.jpg]] conține un cod LMI cu spații
*''W'': [[File:Casa albastra - Sibiu.jpg]] conține un cod LMI cu spații
*''W'': [[File:Casa artelor - Sibiu.jpg]] conține un cod LMI cu spații
*''W'': [[File:Casa Weidner - Sibiu.jpg]] conține un cod LMI cu spații
*''W'': [[File:Cula Duca.jpg]] conține un cod LMI cu spații
*''W'': [[File:Muzeul de istorie Sibiu.jpg]] conține un cod LMI cu spații
*''W'': [[File:Muzeul National Brukenthal Sibiu.jpg]] conține un cod LMI cu spații
*''W'': [[File:Podul minciunilor - Sibiu.jpg]] conține un cod LMI cu spații
*''W'': [[File:Primaria orasului Sibiu.jpg]] conține un cod LMI cu spații
*''W'': [[File:Turnul Sfatului - Sibiu.jpg]] conține un cod LMI cu spații
