*''W'': [[:Fortificația militară romană de la Negreni]] ar putea avea nevoie de actualizarea coordonatelor - valoarea secundelor este 0
*''W'': [[:Castrul roman de la Gilău]] ar putea avea nevoie de actualizarea coordonatelor - valoarea secundelor este 0
*''W'': [[:Castrul roman de la Gherla]] ar putea avea nevoie de actualizarea coordonatelor - valoarea secundelor este 0
*''W'': [[:Castrul roman Buridava]] ar putea avea nevoie de actualizarea coordonatelor - valoarea secundelor este 0
*''W'': [[:Castra Traiana]] ar putea avea nevoie de actualizarea coordonatelor - valoarea secundelor este 0
*''W'': [[:Castrul roman de la Tihău]] ar putea avea nevoie de actualizarea coordonatelor - valoarea secundelor este 0
*''W'': [[:Castrul roman de la Hinova]] ar putea avea nevoie de actualizarea coordonatelor - valoarea secundelor este 0
*''W'': [[:Castrul roman Acidava]] ar putea avea nevoie de actualizarea coordonatelor - valoarea secundelor este 0
*''W'': [[:Castrul roman de la Albești]] ar putea avea nevoie de actualizarea coordonatelor - valoarea secundelor este 0
*''W'': [[:Castrul roman de la Duleu]] ar putea avea nevoie de actualizarea coordonatelor - valoarea secundelor este 0
*''W'': [[:Castrul roman Pons Augusti]] ar putea avea nevoie de actualizarea coordonatelor - valoarea secundelor este 0
*''W'': [[:Castrul roman de la Pojejena]] ar putea avea nevoie de actualizarea coordonatelor - valoarea secundelor este 0
*''W'': [[:Castrul roman Bersobis]] ar putea avea nevoie de actualizarea coordonatelor - valoarea secundelor este 0
*''W'': [[:Castrul roman de la Titești]] ar putea avea nevoie de actualizarea coordonatelor - valoarea secundelor este 0
*''W'': [[:Castrul roman de la Jac]] ar putea avea nevoie de actualizarea coordonatelor - valoarea secundelor este 0
*''W'': [[:Castrul roman de la Brusturi]] ar putea avea nevoie de actualizarea coordonatelor - valoarea secundelor este 0
*''W'': [[:Castrul roman de la Basarabi-Murfatlar]] ar putea avea nevoie de actualizarea coordonatelor - valoarea secundelor este 0
*''W'': [[:Castrul roman Sacidava]] ar putea avea nevoie de actualizarea coordonatelor - valoarea secundelor este 0
*''W'': [[:Castrul roman de la Livezile]] ar putea avea nevoie de actualizarea coordonatelor - valoarea secundelor este 0
*''W'': [[:Castrul roman de la Voinești]] ar putea avea nevoie de actualizarea coordonatelor - valoarea secundelor este 0
*''W'': [[:Castrul roman de la Urlueni (1)]] ar putea avea nevoie de actualizarea coordonatelor - valoarea secundelor este 0
*''W'': [[:Castrul roman de la Săpata de Jos (1)]] ar putea avea nevoie de actualizarea coordonatelor - valoarea secundelor este 0
*''W'': [[:Castrul roman de la Purcăreni]] ar putea avea nevoie de actualizarea coordonatelor - valoarea secundelor este 0
*''W'': [[:Castrul roman de la Sântămărie]] ar putea avea nevoie de actualizarea coordonatelor - valoarea secundelor este 0
*''W'': [[:Castrul roman de la Băneasa]] ar putea avea nevoie de actualizarea coordonatelor - valoarea secundelor este 0
*''W'': [[:Castrul roman de la Gresia]] ar putea avea nevoie de actualizarea coordonatelor - valoarea secundelor este 0
*''W'': [[:Castrul roman de la Islaz (1)]] ar putea avea nevoie de actualizarea coordonatelor - valoarea secundelor este 0
*''W'': [[:Castrul roman de la Ocna Sibiului]] ar putea avea nevoie de actualizarea coordonatelor - valoarea secundelor este 0
*''W'': [[:Castrul roman de la Crâmpoia]] ar putea avea nevoie de actualizarea coordonatelor - valoarea secundelor este 0
*''W'': [[:Castrul roman de la Puținei]] ar putea avea nevoie de actualizarea coordonatelor - valoarea secundelor este 0
*''W'': [[:Castrul roman de la Ploiești]] ar putea avea nevoie de actualizarea coordonatelor - valoarea secundelor este 0
*''W'': [[:Castrul roman de la Drajna de Sus]] ar putea avea nevoie de actualizarea coordonatelor - valoarea secundelor este 0
*''W'': [[:Castrul roman de la Sfârleanca]] ar putea avea nevoie de actualizarea coordonatelor - valoarea secundelor este 0
*''W'': [[:Castrul roman de la Putineiu]] ar putea avea nevoie de actualizarea coordonatelor - valoarea secundelor este 0
*''W'': [[:Castrul roman de la Roșiorii de Vede (1)]] ar putea avea nevoie de actualizarea coordonatelor - valoarea secundelor este 0
*''W'': [[:Castrul roman de la Salcia]] ar putea avea nevoie de actualizarea coordonatelor - valoarea secundelor este 0
*''W'': [[:Castrul roman de la Cristești]] ar putea avea nevoie de actualizarea coordonatelor - valoarea secundelor este 0
*''W'': [[:Castrul roman de la Târnăveni]] ar putea avea nevoie de actualizarea coordonatelor - valoarea secundelor este 0
*''W'': [[:Castrul roman de la Bucium]] ar putea avea nevoie de actualizarea coordonatelor - valoarea secundelor este 0
*''W'': [[:Castrul roman de la Cornuțel]] ar putea avea nevoie de actualizarea coordonatelor - valoarea secundelor este 0
*''W'': [[:Castrul roman Halmyris]] ar putea avea nevoie de actualizarea coordonatelor - valoarea secundelor este 0
*''W'': [[:Castrul roman Abruttus]] ar putea avea nevoie de actualizarea coordonatelor - valoarea secundelor este 0
*''W'': [[:Castrul roman de la Ciuperceni]] ar putea avea nevoie de actualizarea coordonatelor - valoarea secundelor este 0
*''W'': [[:Castrul roman Piroboridava]] ar putea avea nevoie de actualizarea coordonatelor - valoarea secundelor este 0
*''W'': [[:Castrul roman Ad Mutriam]] ar putea avea nevoie de actualizarea coordonatelor - valoarea secundelor este 0
*''W'': [[:Castrul roman Altenum]] ar putea avea nevoie de actualizarea coordonatelor - valoarea secundelor este 0
*''W'': [[:Castrul roman de la Bumbești-Jiu (1)]] ar putea avea nevoie de actualizarea coordonatelor - valoarea secundelor este 0
*''W'': [[:Castrul roman de la Bumbești-Jiu (2)]] ar putea avea nevoie de actualizarea coordonatelor - valoarea secundelor este 0
*''W'': [[:Castrul roman de la Islaz (2)]] ar putea avea nevoie de actualizarea coordonatelor - valoarea secundelor este 0
